IQ-TREE multicore version 2.2.2.6 COVID-edition for Linux 64-bit built May 27 2023
Developed by Bui Quang Minh, James Barbetti, Nguyen Lam Tung,
Olga Chernomor, Heiko Schmidt, Dominik Schrempf, Michael Woodhams, Ly Trong Nhan.

Host:    n6144 (AVX, 62 GB RAM)
Command: iqtree -s muscle_clrn2_salmonidae.fasta
Seed:    713701 (Using SPRNG - Scalable Parallel Random Number Generator)
Time:    Sun Jul  6 18:30:20 2025
Kernel:  AVX - 1 threads (16 CPU cores detected)

HINT: Use -nt option to specify number of threads because your CPU has 16 cores!
HINT: -nt AUTO will automatically determine the best number of threads to use.

Reading alignment file muscle_clrn2_salmonidae.fasta ... Fasta format detected
Reading fasta file: done in 0.000590801 secs using 29.79% CPU
Alignment most likely contains DNA/RNA sequences
Constructing alignment: done in 0.00723791 secs using 54.26% CPU
Alignment has 6 sequences with 5847 columns, 281 distinct patterns
81 parsimony-informative, 249 singleton sites, 5517 constant sites
                                       Gap/Ambiguity  Composition  p-value
Analyzing sequences: done in 1.19209e-05 secs using 25.17% CPU
   1  XR_010463633.1_Oncorhynchus_nerka       91.91%    failed      0.00%
   2  XM_065016862.1_Oncorhynchus_nerka       68.29%    failed      0.04%
   3  XM_029744723.1_Salmo_trutta             79.99%    passed     13.28%
   4  XM_045219711.1_Coregonus_clupeaformis   12.01%    failed      0.00%
   5  XM_055910415.1_Salvelinus_fontinalis    81.44%    failed      0.04%
   6  XM_071405034.1_Salvelinus_alpinus       81.48%    failed      0.25%
WARNING: 5 sequences contain more than 50% gaps/ambiguity
****  TOTAL                                   69.19%  5 sequences failed composition chi2 test (p-value<5%; df=3)
Checking for duplicate sequences: done in 2.90871e-05 secs


Create initial parsimony tree by phylogenetic likelihood library (PLL)... 0.000 seconds
Perform fast likelihood tree search using GTR+I+G model...
Estimate model parameters (epsilon = 5.000)
Perform nearest neighbor interchange...
Optimizing NNI: done in 0.00272894 secs using 92.38% CPU
Estimate model parameters (epsilon = 1.000)
1. Initial log-likelihood: -9872.874
Optimal log-likelihood: -9872.795
Rate parameters:  A-C: 0.86951  A-G: 2.35311  A-T: 0.54574  C-G: 0.98977  C-T: 2.06887  G-T: 1.00000
Base frequencies:  A: 0.248  C: 0.263  G: 0.246  T: 0.244
Proportion of invariable sites: 0.473
Gamma shape alpha: 9.651
Parameters optimization took 1 rounds (0.003 sec)
Time for fast ML tree search: 0.018 seconds

NOTE: ModelFinder requires 0 MB RAM!
ModelFinder will test up to 484 DNA models (sample size: 5847) ...
 No. Model         -LnL         df  AIC          AICc         BIC
  1  GTR+F         9889.922     17  19813.845    19813.950    19927.298
  2  GTR+F+I       9872.607     18  19781.214    19781.332    19901.341
  3  GTR+F+G4      9873.305     18  19782.610    19782.727    19902.736
  4  GTR+F+I+G4    9872.790     19  19783.579    19783.709    19910.379
  5  GTR+F+R2      9875.501     19  19789.003    19789.133    19915.803
  6  GTR+F+R3      9873.262     21  19788.523    19788.682    19928.671
 14  GTR+F+I+R2    9873.063     20  19786.126    19786.270    19919.600
 15  GTR+F+I+R3    9872.948     22  19789.896    19790.070    19936.717
 24  SYM+I         9870.660     15  19771.320    19771.402    19871.425
 25  SYM+G4        9871.399     15  19772.798    19772.880    19872.903
 26  SYM+I+G4      9870.856     16  19773.712    19773.805    19880.491
 46  TVM+F+I       9872.873     17  19779.747    19779.852    19893.199
 47  TVM+F+G4      9873.626     17  19781.253    19781.358    19894.705
 48  TVM+F+I+G4    9873.071     18  19782.141    19782.259    19902.268
 68  TVMe+I        9870.818     14  19769.636    19769.708    19863.068
 69  TVMe+G4       9871.599     14  19771.197    19771.269    19864.629
 70  TVMe+I+G4     9871.028     15  19772.055    19772.138    19872.161
 90  TIM3+F+I      9875.020     16  19782.040    19782.133    19888.819
 91  TIM3+F+G4     9875.447     16  19782.893    19782.987    19889.672
 92  TIM3+F+I+G4   9875.140     17  19784.281    19784.386    19897.734
112  TIM3e+I       9873.013     13  19772.025    19772.088    19858.783
113  TIM3e+G4      9873.478     13  19772.956    19773.018    19859.714
114  TIM3e+I+G4    9873.147     14  19774.294    19774.366    19867.726
134  TIM2+F+I      9873.885     16  19779.770    19779.863    19886.549
135  TIM2+F+G4     9874.417     16  19780.835    19780.928    19887.614
136  TIM2+F+I+G4   9874.023     17  19782.047    19782.152    19895.499
156  TIM2e+I       9872.248     13  19770.496    19770.559    19857.254
157  TIM2e+G4      9872.792     13  19771.583    19771.645    19858.341
158  TIM2e+I+G4    9872.392     14  19772.783    19772.855    19866.215
178  TIM+F+I       9875.058     16  19782.116    19782.210    19888.895
179  TIM+F+G4      9875.527     16  19783.053    19783.146    19889.832
180  TIM+F+I+G4    9875.176     17  19784.351    19784.456    19897.804
200  TIMe+I        9873.369     13  19772.737    19772.800    19859.495
201  TIMe+G4       9873.867     13  19773.733    19773.796    19860.491
202  TIMe+I+G4     9873.494     14  19774.989    19775.061    19868.421
222  TPM3u+F+I     9875.284     15  19780.568    19780.651    19880.674
223  TPM3u+F+G4    9875.771     15  19781.542    19781.624    19881.647
224  TPM3u+F+I+G4  9875.420     16  19782.839    19782.933    19889.618
244  TPM3+I        9873.176     12  19770.351    19770.405    19850.435
245  TPM3+G4       9873.683     12  19771.365    19771.419    19851.449
246  TPM3+I+G4     9873.321     13  19772.641    19772.704    19859.399
266  TPM2u+F+I     9874.159     15  19778.317    19778.400    19878.423
267  TPM2u+F+G4    9874.743     15  19779.485    19779.568    19879.591
268  TPM2u+F+I+G4  9874.309     16  19780.619    19780.712    19887.398
288  TPM2+I        9872.412     12  19768.824    19768.878    19848.909
289  TPM2+G4       9873.009     12  19770.018    19770.072    19850.102
290  TPM2+I+G4     9872.569     13  19771.138    19771.200    19857.896
310  K3Pu+F+I      9875.329     15  19780.658    19780.740    19880.763
311  K3Pu+F+G4     9875.856     15  19781.713    19781.795    19881.818
312  K3Pu+F+I+G4   9875.459     16  19782.918    19783.012    19889.697
332  K3P+I         9873.539     12  19771.078    19771.131    19851.162
333  K3P+G4        9874.082     12  19772.164    19772.218    19852.249
334  K3P+I+G4      9873.675     13  19773.349    19773.411    19860.107
354  TN+F+I        9875.521     15  19781.042    19781.125    19881.148
355  TN+F+G4       9875.910     15  19781.820    19781.902    19881.925
356  TN+F+I+G4     9875.624     16  19783.248    19783.341    19890.027
376  TNe+I         9873.832     12  19771.665    19771.718    19851.749
377  TNe+G4        9874.246     12  19772.493    19772.546    19852.577
378  TNe+I+G4      9873.943     13  19773.885    19773.948    19860.643
398  HKY+F+I       9875.793     14  19779.586    19779.658    19873.017
399  HKY+F+G4      9876.238     14  19780.475    19780.547    19873.907
400  HKY+F+I+G4    9875.909     15  19781.819    19781.901    19881.924
420  K2P+I         9874.001     11  19770.003    19770.048    19843.413
421  K2P+G4        9874.461     11  19770.921    19770.967    19844.332
422  K2P+I+G4      9874.123     12  19772.246    19772.300    19852.330
442  F81+F+I       9909.728     13  19845.457    19845.519    19932.214
443  F81+F+G4      9910.497     13  19846.994    19847.056    19933.751
444  F81+F+I+G4    9909.876     14  19847.753    19847.825    19941.184
464  JC+I          9907.767     10  19835.534    19835.571    19902.271
465  JC+G4         9908.549     10  19837.098    19837.136    19903.835
466  JC+I+G4       9907.917     11  19837.834    19837.879    19911.244
Akaike Information Criterion:           TPM2+I
Corrected Akaike Information Criterion: TPM2+I
Bayesian Information Criterion:         K2P+I
Best-fit model: K2P+I chosen according to BIC

All model information printed to muscle_clrn2_salmonidae.fasta.model.gz
CPU time for ModelFinder: 0.359 seconds (0h:0m:0s)
Wall-clock time for ModelFinder: 0.387 seconds (0h:0m:0s)

NOTE: 0 MB RAM (0 GB) is required!
Estimate model parameters (epsilon = 0.100)
1. Initial log-likelihood: -9874.001
Optimal log-likelihood: -9874.001
Rate parameters:  A-C: 1.00000  A-G: 2.56112  A-T: 1.00000  C-G: 1.00000  C-T: 2.56112  G-T: 1.00000
Base frequencies:  A: 0.250  C: 0.250  G: 0.250  T: 0.250
Proportion of invariable sites: 0.510
Parameters optimization took 1 rounds (0.001 sec)
Wrote distance file to... 
Computing ML distances based on estimated model parameters...
Calculating distance matrix: done in 0.000130892 secs using 95.5% CPU
Computing ML distances took 0.000196 sec (of wall-clock time) 0.000185 sec (of CPU time)
Setting up auxiliary I and S matrices: done in 4.19617e-05 secs using 97.71% CPU
Constructing RapidNJ tree: done in 2.6226e-05 secs using 99.14% CPU
Computing RapidNJ tree took 0.000134 sec (of wall-clock time) 0.000114 sec (of CPU time)
Log-likelihood of RapidNJ tree: -9875.206
--------------------------------------------------------------------
|             INITIALIZING CANDIDATE TREE SET                      |
--------------------------------------------------------------------
Generating 98 parsimony trees... 0.026 second
Computing log-likelihood of 5 initial trees ... 0.002 seconds
Current best score: -9874.001

Do NNI search on 7 best initial trees
Optimizing NNI: done in 0.000533104 secs using 199.4% CPU
Optimizing NNI: done in 0.00144696 secs using 197.7% CPU
Optimizing NNI: done in 0.00116992 secs using 199.2% CPU
Optimizing NNI: done in 0.00180721 secs using 199.9% CPU
Optimizing NNI: done in 0.00180292 secs using 159.8% CPU
Optimizing NNI: done in 0.00181389 secs using 200% CPU
Optimizing NNI: done in 0.0018599 secs using 200% CPU
Finish initializing candidate tree set (7)
Current best tree score: -9874.001 / CPU time: 0.043
Number of iterations: 7
--------------------------------------------------------------------
|               OPTIMIZING CANDIDATE TREE SET                      |
--------------------------------------------------------------------
Optimizing NNI: done in 0.00246191 secs using 200% CPU
Optimizing NNI: done in 0.00178289 secs using 200% CPU
Optimizing NNI: done in 0.00156498 secs using 182% CPU
Iteration 10 / LogL: -9874.029 / Time: 0h:0m:0s
Optimizing NNI: done in 0.00175118 secs using 199.9% CPU
Optimizing NNI: done in 0.00181389 secs using 199.9% CPU
Optimizing NNI: done in 0.00188494 secs using 199.9% CPU
Optimizing NNI: done in 0.00195098 secs using 200.1% CPU
Optimizing NNI: done in 0.00195599 secs using 199.4% CPU
Optimizing NNI: done in 0.00185609 secs using 200% CPU
Optimizing NNI: done in 0.00181293 secs using 200% CPU
Optimizing NNI: done in 0.00185919 secs using 200% CPU
Optimizing NNI: done in 0.00186801 secs using 200.1% CPU
Optimizing NNI: done in 0.00187492 secs using 199.6% CPU
Iteration 20 / LogL: -9874.033 / Time: 0h:0m:0s
Optimizing NNI: done in 0.00119901 secs using 199.9% CPU
UPDATE BEST LOG-LIKELIHOOD: -9874.001
Optimizing NNI: done in 0.00185013 secs using 199.9% CPU
Optimizing NNI: done in 0.00117207 secs using 199.8% CPU
Optimizing NNI: done in 0.00113297 secs using 200% CPU
Optimizing NNI: done in 0.00212717 secs using 199.9% CPU
Optimizing NNI: done in 0.001827 secs using 200% CPU
Optimizing NNI: done in 0.00184011 secs using 200% CPU
Optimizing NNI: done in 0.00218916 secs using 187.4% CPU
Optimizing NNI: done in 0.00187683 secs using 200% CPU
Optimizing NNI: done in 0.00117302 secs using 200.1% CPU
Iteration 30 / LogL: -9874.001 / Time: 0h:0m:0s (0h:0m:0s left)
Optimizing NNI: done in 0.00181389 secs using 200% CPU
Optimizing NNI: done in 0.00113487 secs using 199.9% CPU
Optimizing NNI: done in 0.0018611 secs using 200% CPU
Optimizing NNI: done in 0.00125384 secs using 199.4% CPU
Optimizing NNI: done in 0.00116515 secs using 199.9% CPU
Optimizing NNI: done in 0.00243616 secs using 200% CPU
Optimizing NNI: done in 0.00110102 secs using 200.1% CPU
Optimizing NNI: done in 0.00179005 secs using 199.9% CPU
Optimizing NNI: done in 0.00185895 secs using 199.6% CPU
Optimizing NNI: done in 0.00114512 secs using 199.8% CPU
Iteration 40 / LogL: -9874.003 / Time: 0h:0m:0s (0h:0m:0s left)
Optimizing NNI: done in 0.00270104 secs using 200% CPU
Optimizing NNI: done in 0.00186396 secs using 200% CPU
Optimizing NNI: done in 0.00182009 secs using 199.9% CPU
Optimizing NNI: done in 0.00184417 secs using 199.5% CPU
Optimizing NNI: done in 0.00138497 secs using 200.1% CPU
Optimizing NNI: done in 0.00178385 secs using 200% CPU
Optimizing NNI: done in 0.00110698 secs using 199.9% CPU
Optimizing NNI: done in 0.00173402 secs using 199.9% CPU
Optimizing NNI: done in 0.00116086 secs using 199.9% CPU
Optimizing NNI: done in 0.00243402 secs using 199.5% CPU
Iteration 50 / LogL: -9874.002 / Time: 0h:0m:0s (0h:0m:0s left)
Optimizing NNI: done in 0.00113082 secs using 200.1% CPU
Optimizing NNI: done in 0.00198889 secs using 200% CPU
Optimizing NNI: done in 0.00182199 secs using 200% CPU
Optimizing NNI: done in 0.00243783 secs using 199.7% CPU
Optimizing NNI: done in 0.00187016 secs using 200% CPU
Optimizing NNI: done in 0.00241303 secs using 199.9% CPU
Optimizing NNI: done in 0.00243211 secs using 199.9% CPU
Optimizing NNI: done in 0.00117183 secs using 199.9% CPU
Optimizing NNI: done in 0.0017941 secs using 199.3% CPU
Optimizing NNI: done in 0.00195384 secs using 200% CPU
Iteration 60 / LogL: -9874.002 / Time: 0h:0m:0s (0h:0m:0s left)
Optimizing NNI: done in 0.00124002 secs using 199.9% CPU
Optimizing NNI: done in 0.00215387 secs using 199.9% CPU
Optimizing NNI: done in 0.00241613 secs using 199.9% CPU
Optimizing NNI: done in 0.00188017 secs using 199.5% CPU
Optimizing NNI: done in 0.00187397 secs using 199.9% CPU
Optimizing NNI: done in 0.00179887 secs using 200% CPU
Optimizing NNI: done in 0.00187206 secs using 199.9% CPU
Optimizing NNI: done in 0.00243902 secs using 199.7% CPU
Optimizing NNI: done in 0.00184011 secs using 200% CPU
Optimizing NNI: done in 0.00116801 secs using 199.9% CPU
Iteration 70 / LogL: -9874.001 / Time: 0h:0m:0s (0h:0m:0s left)
Optimizing NNI: done in 0.00178194 secs using 200% CPU
Optimizing NNI: done in 0.00199318 secs using 200% CPU
Optimizing NNI: done in 0.00181198 secs using 199.5% CPU
Optimizing NNI: done in 0.00112915 secs using 200.1% CPU
Optimizing NNI: done in 0.00176311 secs using 199.9% CPU
Optimizing NNI: done in 0.00113988 secs using 199.8% CPU
Optimizing NNI: done in 0.00178313 secs using 200% CPU
Optimizing NNI: done in 0.00178504 secs using 175.9% CPU
Optimizing NNI: done in 0.00114107 secs using 99.56% CPU
Optimizing NNI: done in 0.00110292 secs using 100% CPU
Iteration 80 / LogL: -9874.001 / Time: 0h:0m:0s (0h:0m:0s left)
Optimizing NNI: done in 0.00178719 secs using 99.99% CPU
Optimizing NNI: done in 0.00114608 secs using 99.99% CPU
Optimizing NNI: done in 0.00114107 secs using 99.99% CPU
Optimizing NNI: done in 0.00183487 secs using 100% CPU
Optimizing NNI: done in 0.001791 secs using 99.72% CPU
Optimizing NNI: done in 0.00194812 secs using 99.99% CPU
Optimizing NNI: done in 0.00113392 secs using 99.92% CPU
Optimizing NNI: done in 0.00172997 secs using 100% CPU
Optimizing NNI: done in 0.0018301 secs using 99.94% CPU
Optimizing NNI: done in 0.00114298 secs using 100% CPU
Iteration 90 / LogL: -9874.003 / Time: 0h:0m:0s (0h:0m:0s left)
Optimizing NNI: done in 0.00113893 secs using 99.3% CPU
Optimizing NNI: done in 0.00186706 secs using 99.84% CPU
Optimizing NNI: done in 0.00186801 secs using 99.95% CPU
Optimizing NNI: done in 0.00183296 secs using 99.95% CPU
Optimizing NNI: done in 0.00174403 secs using 99.94% CPU
Optimizing NNI: done in 0.00114584 secs using 100% CPU
Optimizing NNI: done in 0.00242805 secs using 100% CPU
Optimizing NNI: done in 0.00241494 secs using 100% CPU
Optimizing NNI: done in 0.00187612 secs using 99.94% CPU
Optimizing NNI: done in 0.00187206 secs using 100% CPU
Iteration 100 / LogL: -9874.011 / Time: 0h:0m:0s (0h:0m:0s left)
Optimizing NNI: done in 0.00242496 secs using 99.71% CPU
TREE SEARCH COMPLETED AFTER 101 ITERATIONS / Time: 0h:0m:0s

--------------------------------------------------------------------
|                    FINALIZING TREE SEARCH                        |
--------------------------------------------------------------------
Performs final model parameters optimization
Estimate model parameters (epsilon = 0.010)
1. Initial log-likelihood: -9874.001
Optimal log-likelihood: -9874.001
Rate parameters:  A-C: 1.00000  A-G: 2.56130  A-T: 1.00000  C-G: 1.00000  C-T: 2.56130  G-T: 1.00000
Base frequencies:  A: 0.250  C: 0.250  G: 0.250  T: 0.250
Proportion of invariable sites: 0.510
Parameters optimization took 1 rounds (0.001 sec)
BEST SCORE FOUND : -9874.001
Total tree length: 0.414

Total number of iterations: 101
CPU time used for tree search: 0.407 sec (0h:0m:0s)
Wall-clock time used for tree search: 0.231 sec (0h:0m:0s)
Total CPU time used: 0.421 sec (0h:0m:0s)
Total wall-clock time used: 0.267 sec (0h:0m:0s)

Analysis results written to: 
  IQ-TREE report:                muscle_clrn2_salmonidae.fasta.iqtree
  Maximum-likelihood tree:       muscle_clrn2_salmonidae.fasta.treefile
  Likelihood distances:          muscle_clrn2_salmonidae.fasta.mldist
  Screen log file:               muscle_clrn2_salmonidae.fasta.log

Date and Time: Sun Jul  6 18:30:21 2025
