IQ-TREE multicore version 2.2.2.6 COVID-edition for Linux 64-bit built May 27 2023
Developed by Bui Quang Minh, James Barbetti, Nguyen Lam Tung,
Olga Chernomor, Heiko Schmidt, Dominik Schrempf, Michael Woodhams, Ly Trong Nhan.

Host:    n1828 (AVX512, FMA3, 188 GB RAM)
Command: iqtree -s muscle_pik_Salmonidae.fasta
Seed:    798629 (Using SPRNG - Scalable Parallel Random Number Generator)
Time:    Sun Jul  6 16:48:52 2025
Kernel:  AVX+FMA - 1 threads (36 CPU cores detected)

HINT: Use -nt option to specify number of threads because your CPU has 36 cores!
HINT: -nt AUTO will automatically determine the best number of threads to use.

Reading alignment file muscle_pik_Salmonidae.fasta ... Fasta format detected
Reading fasta file: done in 0.00431299 secs using 84.16% CPU
Alignment most likely contains DNA/RNA sequences
Constructing alignment: done in 0.010006 secs using 68.77% CPU
Alignment has 41 sequences with 9137 columns, 668 distinct patterns
497 parsimony-informative, 33 singleton sites, 8607 constant sites
                Gap/Ambiguity  Composition  p-value
Analyzing sequences: done in 5.48363e-05 secs using 100.3% CPU
   1  XM_029707347.1   24.24%    passed     92.81%
   2  XM_029707346.1   23.82%    passed     91.59%
   3  XM_029707348.1   36.61%    passed     84.03%
   4  XM_014216758.2   19.62%    passed     81.56%
   5  XM_014216760.2   20.05%    passed     84.35%
   6  XM_070447602.1   28.38%    passed     92.18%
   7  XM_024003629.2   24.54%    passed     86.92%
   8  XM_070447603.1   35.74%    passed     73.58%
   9  XM_071345592.1   24.49%    passed     87.86%
  10  XM_071345593.1   25.52%    passed     85.28%
  11  XM_071345591.1   24.94%    passed     89.02%
  12  XM_055861108.1   24.73%    passed     81.30%
  13  XM_055861107.1   25.04%    passed     93.51%
  14  XM_064935451.1   26.29%    passed     98.03%
  15  XM_064935452.1   27.58%    passed     93.10%
  16  XM_035783006.2   26.38%    passed     96.98%
  17  XM_035782972.2   26.49%    passed     97.28%
  18  XM_035782989.2   27.10%    passed     98.70%
  19  XM_035782963.2   25.81%    passed     98.53%
  20  XM_035783015.2   35.14%    passed     87.66%
  21  XM_046300737.1   24.71%    passed     99.80%
  22  XM_046300735.1   24.32%    passed     99.93%
  23  XM_046300739.1   38.80%    passed     88.25%
  24  XM_046300732.1   23.74%    passed     99.95%
  25  XM_046300733.1   24.15%    passed     99.97%
  26  XM_046300734.1   25.02%    passed     99.25%
  27  XM_046300738.1   38.21%    passed     85.17%
  28  XM_029632805.2   19.34%    passed     85.60%
  29  XM_065009068.1    8.73%    passed     15.47%
  30  XM_029632807.2   30.62%    passed     52.49%
  31  XM_036978260.1   25.31%    passed     97.82%
  32  XM_036978263.1   26.60%    passed     93.12%
  33  XM_036978262.1   25.73%    passed     97.91%
  34  XM_036978264.1   31.88%    passed     80.40%
  35  XM_020499183.2   22.16%    passed     77.77%
  36  XM_020499184.2   22.60%    passed     79.68%
  37  XM_020499187.2   37.42%    passed     88.41%
  38  XM_024421700.2   53.92%    failed      0.00%
  39  XM_024421699.2   53.06%    failed      0.00%
  40  XM_024421698.2   52.63%    failed      0.00%
  41  XM_024421701.2   65.13%    failed      0.00%
WARNING: 4 sequences contain more than 50% gaps/ambiguity
****  TOTAL            29.43%  4 sequences failed composition chi2 test (p-value<5%; df=3)
Checking for duplicate sequences: done in 0.000124931 secs using 56.03% CPU


Create initial parsimony tree by phylogenetic likelihood library (PLL)... 0.001 seconds
Perform fast likelihood tree search using GTR+I+G model...
Estimate model parameters (epsilon = 5.000)
Perform nearest neighbor interchange...
Optimizing NNI: done in 0.0415211 secs using 99.76% CPU
Estimate model parameters (epsilon = 1.000)
1. Initial log-likelihood: -16789.501
Optimal log-likelihood: -16789.497
Rate parameters:  A-C: 0.93061  A-G: 1.93254  A-T: 1.09907  C-G: 0.46043  C-T: 2.22769  G-T: 1.00000
Base frequencies:  A: 0.281  C: 0.218  G: 0.226  T: 0.275
Proportion of invariable sites: 0.471
Gamma shape alpha: 0.470
Parameters optimization took 1 rounds (0.020 sec)
Time for fast ML tree search: 0.145 seconds

NOTE: ModelFinder requires 8 MB RAM!
ModelFinder will test up to 484 DNA models (sample size: 9137) ...
 No. Model         -LnL         df  AIC          AICc         BIC
  1  GTR+F         16849.185    87  33872.369    33874.062    34491.817
  2  GTR+F+I       16791.744    88  33759.488    33761.219    34386.056
  3  GTR+F+G4      16792.055    88  33760.110    33761.841    34386.677
  4  GTR+F+I+G4    16789.495    89  33756.990    33758.761    34390.678
  5  GTR+F+R2      16791.604    89  33761.209    33762.980    34394.897
  6  GTR+F+R3      16790.004    91  33762.008    33763.859    34409.936
 14  GTR+F+I+R2    16791.538    90  33763.077    33764.888    34403.885
 15  GTR+F+I+R3    16789.894    92  33763.789    33765.681    34418.837
 24  SYM+I         16885.418    85  33940.835    33942.451    34546.043
 25  SYM+G4        16886.029    85  33942.059    33943.674    34547.266
 26  SYM+I+G4      16883.344    86  33938.688    33940.342    34551.016
 27  SYM+R2        16885.297    86  33942.593    33944.247    34554.921
 46  TVM+F+I       16792.449    87  33758.899    33760.591    34378.347
 47  TVM+F+G4      16792.776    87  33759.551    33761.243    34378.999
 48  TVM+F+I+G4    16790.197    88  33756.395    33758.126    34382.962
 49  TVM+F+R2      16792.311    88  33760.622    33762.353    34387.190
 68  TVMe+I        16885.901    84  33939.802    33941.380    34537.889
 69  TVMe+G4       16886.522    84  33941.044    33942.621    34539.131
 70  TVMe+I+G4     16883.820    85  33937.639    33939.255    34542.847
 71  TVMe+R2       16885.754    85  33941.509    33943.124    34546.716
 90  TIM3+F+I      16797.173    86  33766.346    33767.999    34378.673
 91  TIM3+F+G4     16797.439    86  33766.878    33768.531    34379.205
 92  TIM3+F+I+G4   16794.858    87  33763.716    33765.408    34383.164
 93  TIM3+F+R2     16796.944    87  33767.888    33769.580    34387.336
112  TIM3e+I       16893.929    83  33953.858    33955.399    34544.826
113  TIM3e+G4      16894.422    83  33954.844    33956.385    34545.812
114  TIM3e+I+G4    16891.772    84  33951.545    33953.122    34549.632
115  TIM3e+R2      16893.782    84  33955.564    33957.141    34553.651
134  TIM2+F+I      16798.482    86  33768.964    33770.617    34381.291
135  TIM2+F+G4     16798.678    86  33769.356    33771.010    34381.684
136  TIM2+F+I+G4   16796.110    87  33766.221    33767.913    34385.669
137  TIM2+F+R2     16798.252    87  33770.505    33772.197    34389.953
156  TIM2e+I       16896.013    83  33958.027    33959.567    34548.994
157  TIM2e+G4      16896.363    83  33958.726    33960.266    34549.693
158  TIM2e+I+G4    16893.790    84  33955.579    33957.157    34553.666
159  TIM2e+R2      16895.869    84  33959.738    33961.315    34557.825
178  TIM+F+I       16800.940    86  33773.880    33775.534    34386.208
179  TIM+F+G4      16801.113    86  33774.225    33775.879    34386.553
180  TIM+F+I+G4    16798.525    87  33771.050    33772.742    34390.498
181  TIM+F+R2      16800.647    87  33775.294    33776.986    34394.742
200  TIMe+I        16901.774    83  33969.547    33971.087    34560.514
201  TIMe+G4       16902.056    83  33970.111    33971.651    34561.078
202  TIMe+I+G4     16899.485    84  33966.970    33968.547    34565.057
203  TIMe+R2       16901.581    84  33971.162    33972.740    34569.250
222  TPM3u+F+I     16797.856    85  33765.712    33767.328    34370.920
223  TPM3u+F+G4    16798.143    85  33766.285    33767.901    34371.493
224  TPM3u+F+I+G4  16795.537    86  33763.074    33764.728    34375.402
225  TPM3u+F+R2    16797.609    86  33767.218    33768.871    34379.545
244  TPM3+I        16894.426    82  33952.851    33954.355    34536.698
245  TPM3+G4       16894.921    82  33953.842    33955.346    34537.689
246  TPM3+I+G4     16892.257    83  33950.515    33952.055    34541.482
247  TPM3+R2       16894.251    83  33954.502    33956.042    34545.469
266  TPM2u+F+I     16799.196    85  33768.391    33770.006    34373.598
267  TPM2u+F+G4    16799.402    85  33768.803    33770.419    34374.011
268  TPM2u+F+I+G4  16796.835    86  33765.669    33767.323    34377.997
269  TPM2u+F+R2    16798.944    86  33769.888    33771.542    34382.216
288  TPM2+I        16896.457    82  33956.913    33958.417    34540.760
289  TPM2+G4       16896.814    82  33957.629    33959.132    34541.476
290  TPM2+I+G4     16894.230    83  33954.460    33956.000    34545.427
291  TPM2+R2       16896.295    83  33958.590    33960.131    34549.558
310  K3Pu+F+I      16801.643    85  33773.287    33774.902    34378.494
311  K3Pu+F+G4     16801.824    85  33773.648    33775.264    34378.856
312  K3Pu+F+I+G4   16799.229    86  33770.457    33772.111    34382.785
313  K3Pu+F+R2     16801.339    86  33774.679    33776.332    34387.006
332  K3P+I         16902.239    82  33968.479    33969.982    34552.326
333  K3P+G4        16902.531    82  33969.062    33970.565    34552.909
334  K3P+I+G4      16899.947    83  33965.893    33967.434    34556.861
335  K3P+R2        16902.032    83  33970.064    33971.605    34561.032
354  TN+F+I        16801.516    85  33773.033    33774.648    34378.240
355  TN+F+G4       16801.684    85  33773.367    33774.983    34378.575
356  TN+F+I+G4     16799.103    86  33770.206    33771.859    34382.533
357  TN+F+R2       16801.227    86  33774.453    33776.107    34386.781
376  TNe+I         16902.170    82  33968.341    33969.844    34552.188
377  TNe+G4        16902.439    82  33968.878    33970.381    34552.725
378  TNe+I+G4      16899.878    83  33965.755    33967.296    34556.723
379  TNe+R2        16901.972    83  33969.945    33971.485    34560.912
398  HKY+F+I       16802.219    84  33772.438    33774.016    34370.526
399  HKY+F+G4      16802.399    84  33772.798    33774.375    34370.885
400  HKY+F+I+G4    16799.806    85  33769.611    33771.227    34374.819
401  HKY+F+R2      16801.917    85  33773.834    33775.450    34379.042
420  K2P+I         16902.633    81  33967.266    33968.733    34543.993
421  K2P+G4        16902.910    81  33967.820    33969.287    34544.547
422  K2P+I+G4      16900.337    82  33964.673    33966.177    34548.521
423  K2P+R2        16902.445    82  33968.889    33970.393    34552.736
442  F81+F+I       16852.467    83  33870.935    33872.475    34461.902
443  F81+F+G4      16852.562    83  33871.124    33872.665    34462.092
444  F81+F+I+G4    16850.128    84  33868.256    33869.833    34466.343
445  F81+F+R2      16852.333    84  33872.666    33874.243    34470.753
464  JC+I          16951.681    80  34063.361    34064.792    34632.968
465  JC+G4         16951.836    80  34063.673    34065.104    34633.280
466  JC+I+G4       16949.414    81  34060.828    34062.296    34637.556
467  JC+R2         16951.631    81  34065.263    34066.730    34641.990
Akaike Information Criterion:           TVM+F+I+G4
Corrected Akaike Information Criterion: TVM+F+I+G4
Bayesian Information Criterion:         HKY+F+I
Best-fit model: HKY+F+I chosen according to BIC

All model information printed to muscle_pik_Salmonidae.fasta.model.gz
CPU time for ModelFinder: 39.900 seconds (0h:0m:39s)
Wall-clock time for ModelFinder: 40.031 seconds (0h:0m:40s)

NOTE: 0 MB RAM (0 GB) is required!
Estimate model parameters (epsilon = 0.100)
1. Initial log-likelihood: -16802.219
Optimal log-likelihood: -16802.219
Rate parameters:  A-C: 1.00000  A-G: 2.31583  A-T: 1.00000  C-G: 1.00000  C-T: 2.31583  G-T: 1.00000
Base frequencies:  A: 0.281  C: 0.218  G: 0.226  T: 0.275
Proportion of invariable sites: 0.765
Parameters optimization took 1 rounds (0.005 sec)
Wrote distance file to... 
Computing ML distances based on estimated model parameters...
Calculating distance matrix: done in 0.00340605 secs using 99.73% CPU
Computing ML distances took 0.003542 sec (of wall-clock time) 0.003529 sec (of CPU time)
Setting up auxiliary I and S matrices: done in 7.48634e-05 secs using 100.2% CPU
Constructing RapidNJ tree: done in 0.000168085 secs using 99.35% CPU
Computing RapidNJ tree took 0.000281 sec (of wall-clock time) 0.000270 sec (of CPU time)
Log-likelihood of RapidNJ tree: -16807.507
--------------------------------------------------------------------
|             INITIALIZING CANDIDATE TREE SET                      |
--------------------------------------------------------------------
Generating 98 parsimony trees... 0.161 second
Computing log-likelihood of 98 initial trees ... 0.171 seconds
Current best score: -16802.219

Do NNI search on 20 best initial trees
Optimizing NNI: done in 0.00670505 secs using 99.75% CPU
Estimate model parameters (epsilon = 0.100)
BETTER TREE FOUND at iteration 1: -16802.219
Optimizing NNI: done in 0.0161059 secs using 99.76% CPU
Optimizing NNI: done in 0.015929 secs using 99.59% CPU
Optimizing NNI: done in 0.0162082 secs using 99.76% CPU
Optimizing NNI: done in 0.0158601 secs using 99.75% CPU
Optimizing NNI: done in 0.016994 secs using 99.76% CPU
Optimizing NNI: done in 0.016999 secs using 99.76% CPU
Optimizing NNI: done in 0.0157681 secs using 99.77% CPU
Optimizing NNI: done in 0.0171371 secs using 99.77% CPU
Optimizing NNI: done in 0.01561 secs using 99.76% CPU
Iteration 10 / LogL: -16802.220 / Time: 0h:0m:0s
Optimizing NNI: done in 0.016943 secs using 99.76% CPU
Optimizing NNI: done in 0.016396 secs using 99.76% CPU
Optimizing NNI: done in 0.0172331 secs using 99.76% CPU
Optimizing NNI: done in 0.0190501 secs using 99.76% CPU
Optimizing NNI: done in 0.0168071 secs using 99.76% CPU
Optimizing NNI: done in 0.014765 secs using 99.8% CPU
Optimizing NNI: done in 0.016469 secs using 99.76% CPU
Optimizing NNI: done in 0.0162361 secs using 99.76% CPU
Optimizing NNI: done in 0.016449 secs using 99.76% CPU
Optimizing NNI: done in 0.0155091 secs using 99.76% CPU
Iteration 20 / LogL: -16802.222 / Time: 0h:0m:0s
Finish initializing candidate tree set (20)
Current best tree score: -16802.219 / CPU time: 0.679
Number of iterations: 20
--------------------------------------------------------------------
|               OPTIMIZING CANDIDATE TREE SET                      |
--------------------------------------------------------------------
Optimizing NNI: done in 0.038259 secs using 99.76% CPU
Optimizing NNI: done in 0.032109 secs using 99.76% CPU
Optimizing NNI: done in 0.025713 secs using 99.75% CPU
Optimizing NNI: done in 0.042258 secs using 99.73% CPU
Optimizing NNI: done in 0.0413659 secs using 99.76% CPU
Optimizing NNI: done in 0.030026 secs using 99.76% CPU
Optimizing NNI: done in 0.0307689 secs using 99.77% CPU
Optimizing NNI: done in 0.0392611 secs using 99.76% CPU
Optimizing NNI: done in 0.0365491 secs using 99.76% CPU
Optimizing NNI: done in 0.032763 secs using 99.76% CPU
Iteration 30 / LogL: -16802.251 / Time: 0h:0m:1s (0h:0m:2s left)
Optimizing NNI: done in 0.023499 secs using 99.76% CPU
Optimizing NNI: done in 0.0312009 secs using 99.76% CPU
Optimizing NNI: done in 0.0220518 secs using 99.77% CPU
Optimizing NNI: done in 0.0331211 secs using 99.76% CPU
Optimizing NNI: done in 0.0363481 secs using 99.76% CPU
Optimizing NNI: done in 0.0305829 secs using 99.76% CPU
Optimizing NNI: done in 0.031301 secs using 99.76% CPU
Optimizing NNI: done in 0.0283589 secs using 99.76% CPU
Optimizing NNI: done in 0.0322061 secs using 99.76% CPU
Optimizing NNI: done in 0.0334752 secs using 99.76% CPU
Iteration 40 / LogL: -16802.273 / Time: 0h:0m:1s (0h:0m:2s left)
Optimizing NNI: done in 0.0326629 secs using 99.7% CPU
Optimizing NNI: done in 0.0375011 secs using 99.76% CPU
Optimizing NNI: done in 0.0260422 secs using 99.76% CPU
Optimizing NNI: done in 0.0385351 secs using 99.76% CPU
Optimizing NNI: done in 0.037818 secs using 99.76% CPU
Optimizing NNI: done in 0.0493312 secs using 99.76% CPU
Optimizing NNI: done in 0.0270901 secs using 99.76% CPU
Optimizing NNI: done in 0.0312152 secs using 99.76% CPU
Optimizing NNI: done in 0.0341251 secs using 99.76% CPU
Optimizing NNI: done in 0.0268261 secs using 99.76% CPU
Iteration 50 / LogL: -16802.229 / Time: 0h:0m:1s (0h:0m:1s left)
Optimizing NNI: done in 0.0338881 secs using 99.76% CPU
Optimizing NNI: done in 0.027415 secs using 99.76% CPU
Optimizing NNI: done in 0.0329411 secs using 99.74% CPU
Optimizing NNI: done in 0.0276399 secs using 99.76% CPU
Optimizing NNI: done in 0.0320408 secs using 99.76% CPU
Optimizing NNI: done in 0.0335751 secs using 99.76% CPU
Optimizing NNI: done in 0.0392389 secs using 99.76% CPU
Optimizing NNI: done in 0.028085 secs using 99.76% CPU
Optimizing NNI: done in 0.0314519 secs using 99.76% CPU
Optimizing NNI: done in 0.0409181 secs using 99.76% CPU
Iteration 60 / LogL: -16802.276 / Time: 0h:0m:2s (0h:0m:1s left)
Optimizing NNI: done in 0.0325439 secs using 99.76% CPU
Optimizing NNI: done in 0.0305641 secs using 99.76% CPU
Optimizing NNI: done in 0.041369 secs using 99.76% CPU
Optimizing NNI: done in 0.0300219 secs using 99.76% CPU
Optimizing NNI: done in 0.0342281 secs using 99.76% CPU
Optimizing NNI: done in 0.0271561 secs using 99.76% CPU
Optimizing NNI: done in 0.041564 secs using 99.76% CPU
Optimizing NNI: done in 0.0208271 secs using 99.76% CPU
Optimizing NNI: done in 0.030961 secs using 99.71% CPU
Optimizing NNI: done in 0.0293951 secs using 99.76% CPU
Iteration 70 / LogL: -16802.220 / Time: 0h:0m:2s (0h:0m:1s left)
Optimizing NNI: done in 0.040874 secs using 99.7% CPU
Optimizing NNI: done in 0.0297401 secs using 99.76% CPU
Optimizing NNI: done in 0.0380869 secs using 99.76% CPU
Optimizing NNI: done in 0.0220721 secs using 99.76% CPU
Optimizing NNI: done in 0.0310371 secs using 99.76% CPU
Optimizing NNI: done in 0.0503991 secs using 99.76% CPU
Optimizing NNI: done in 0.026314 secs using 99.76% CPU
Optimizing NNI: done in 0.033637 secs using 99.76% CPU
Optimizing NNI: done in 0.0389349 secs using 99.76% CPU
Optimizing NNI: done in 0.034198 secs using 99.76% CPU
Iteration 80 / LogL: -16802.330 / Time: 0h:0m:2s (0h:0m:0s left)
Optimizing NNI: done in 0.035037 secs using 99.76% CPU
Optimizing NNI: done in 0.0314631 secs using 99.76% CPU
Optimizing NNI: done in 0.028259 secs using 99.74% CPU
Optimizing NNI: done in 0.025708 secs using 99.76% CPU
Optimizing NNI: done in 0.031637 secs using 99.76% CPU
Optimizing NNI: done in 0.0405519 secs using 99.76% CPU
Optimizing NNI: done in 0.0382922 secs using 99.76% CPU
Optimizing NNI: done in 0.031116 secs using 99.76% CPU
Optimizing NNI: done in 0.0303679 secs using 99.76% CPU
Optimizing NNI: done in 0.0414059 secs using 99.76% CPU
Iteration 90 / LogL: -16802.236 / Time: 0h:0m:3s (0h:0m:0s left)
Optimizing NNI: done in 0.027807 secs using 99.76% CPU
Optimizing NNI: done in 0.0387671 secs using 99.76% CPU
Optimizing NNI: done in 0.0216749 secs using 99.76% CPU
Optimizing NNI: done in 0.028348 secs using 99.76% CPU
Optimizing NNI: done in 0.0291011 secs using 99.76% CPU
Optimizing NNI: done in 0.027318 secs using 99.77% CPU
Optimizing NNI: done in 0.0339742 secs using 99.76% CPU
Optimizing NNI: done in 0.027483 secs using 99.76% CPU
Optimizing NNI: done in 0.0354071 secs using 99.76% CPU
Optimizing NNI: done in 0.0387459 secs using 99.73% CPU
Iteration 100 / LogL: -16802.275 / Time: 0h:0m:3s (0h:0m:0s left)
Optimizing NNI: done in 0.033608 secs using 99.76% CPU
Optimizing NNI: done in 0.0366201 secs using 99.76% CPU
TREE SEARCH COMPLETED AFTER 102 ITERATIONS / Time: 0h:0m:3s

--------------------------------------------------------------------
|                    FINALIZING TREE SEARCH                        |
--------------------------------------------------------------------
Performs final model parameters optimization
Estimate model parameters (epsilon = 0.010)
1. Initial log-likelihood: -16802.219
Optimal log-likelihood: -16802.219
Rate parameters:  A-C: 1.00000  A-G: 2.31583  A-T: 1.00000  C-G: 1.00000  C-T: 2.31583  G-T: 1.00000
Base frequencies:  A: 0.281  C: 0.218  G: 0.226  T: 0.275
Proportion of invariable sites: 0.765
Parameters optimization took 1 rounds (0.008 sec)
BEST SCORE FOUND : -16802.219
Total tree length: 0.092

Total number of iterations: 102
CPU time used for tree search: 3.610 sec (0h:0m:3s)
Wall-clock time used for tree search: 3.458 sec (0h:0m:3s)
Total CPU time used: 3.659 sec (0h:0m:3s)
Total wall-clock time used: 3.528 sec (0h:0m:3s)

Analysis results written to: 
  IQ-TREE report:                muscle_pik_Salmonidae.fasta.iqtree
  Maximum-likelihood tree:       muscle_pik_Salmonidae.fasta.treefile
  Likelihood distances:          muscle_pik_Salmonidae.fasta.mldist
  Screen log file:               muscle_pik_Salmonidae.fasta.log

Date and Time: Sun Jul  6 16:49:36 2025
