IQ-TREE multicore version 2.2.2.6 COVID-edition for Linux 64-bit built May 27 2023
Developed by Bui Quang Minh, James Barbetti, Nguyen Lam Tung,
Olga Chernomor, Heiko Schmidt, Dominik Schrempf, Michael Woodhams, Ly Trong Nhan.

Host:    n6144 (AVX, 62 GB RAM)
Command: iqtree -s muscle_exoc1l_salmonidae.fasta
Seed:    387434 (Using SPRNG - Scalable Parallel Random Number Generator)
Time:    Sun Jul  6 18:33:31 2025
Kernel:  AVX - 1 threads (16 CPU cores detected)

HINT: Use -nt option to specify number of threads because your CPU has 16 cores!
HINT: -nt AUTO will automatically determine the best number of threads to use.

Reading alignment file muscle_exoc1l_salmonidae.fasta ... Fasta format detected
Reading fasta file: done in 0.000524998 secs
Alignment most likely contains DNA/RNA sequences
Constructing alignment: done in 0.00440788 secs using 47.46% CPU
Alignment has 10 sequences with 3050 columns, 321 distinct patterns
138 parsimony-informative, 316 singleton sites, 2596 constant sites
                                         Gap/Ambiguity  Composition  p-value
Analyzing sequences: done in 1.50204e-05 secs
   1  XM_041863441.2_Coregonus_clupeaformis     74.95%    failed      0.11%
   2  XM_055911202.1_Salvelinus_fontinalis       8.69%    failed      4.05%
   3  XM_038982495.1_Salvelinus_namaycush       76.52%    passed     10.19%
   4  XM_071408285.1_Salvelinus_alpinus         41.05%    failed      0.19%
   5  XM_064925901.1_Oncorhynchus_masou         45.08%    failed      0.02%
   6  XM_046338690.1_Oncorhynchus_gorbuscha     75.70%    failed      0.03%
   7  XM_065014888.1_Oncorhynchus_nerka         62.13%    passed     87.87%
   8  XM_052508197.1_Oncorhynchus_keta          60.07%    passed     90.06%
   9  XM_042313500.1_Oncorhynchus_tshawytscha   77.34%    failed      0.23%
  10  XM_031814606.1_Oncorhynchus_kisutch       72.85%    failed      1.32%
WARNING: 7 sequences contain more than 50% gaps/ambiguity
****  TOTAL                                     59.44%  7 sequences failed composition chi2 test (p-value<5%; df=3)
Checking for duplicate sequences: done in 5.38826e-05 secs using 22.27% CPU


Create initial parsimony tree by phylogenetic likelihood library (PLL)... 0.000 seconds
Perform fast likelihood tree search using GTR+I+G model...
Estimate model parameters (epsilon = 5.000)
Perform nearest neighbor interchange...
Optimizing NNI: done in 0.006145 secs using 99.3% CPU
Estimate model parameters (epsilon = 1.000)
1. Initial log-likelihood: -6425.793
Optimal log-likelihood: -6425.009
Rate parameters:  A-C: 1.10993  A-G: 2.69027  A-T: 1.14512  C-G: 1.19277  C-T: 3.27734  G-T: 1.00000
Base frequencies:  A: 0.218  C: 0.281  G: 0.226  T: 0.275
Proportion of invariable sites: 0.431
Gamma shape alpha: 201.939
Parameters optimization took 1 rounds (0.006 sec)
Time for fast ML tree search: 0.041 seconds

NOTE: ModelFinder requires 1 MB RAM!
ModelFinder will test up to 484 DNA models (sample size: 3050) ...
 No. Model         -LnL         df  AIC          AICc         BIC
  1  GTR+F         6429.550     25  12909.099    12909.529    13059.672
  2  GTR+F+I       6424.336     26  12900.672    12901.136    13057.267
  3  GTR+F+G4      6423.473     26  12898.946    12899.410    13055.541
  4  GTR+F+I+G4    6424.900     27  12903.801    12904.301    13066.419
  5  GTR+F+R2      6424.002     27  12902.004    12902.504    13064.622
  6  GTR+F+R3      6423.587     29  12905.173    12905.749    13079.837
 14  GTR+F+I+R2    6424.569     28  12905.138    12905.676    13073.779
 15  GTR+F+I+R3    6424.407     30  12908.814    12909.430    13089.501
 23  SYM           6471.419     22  12986.838    12987.172    13119.341
 24  SYM+I         6466.427     23  12978.854    12979.218    13117.380
 25  SYM+G4        6465.636     23  12977.271    12977.636    13115.798
 27  SYM+R2        6466.099     24  12980.197    12980.594    13124.747
 45  TVM+F         6430.590     24  12909.179    12909.576    13053.729
 46  TVM+F+I       6425.259     25  12900.518    12900.948    13051.091
 47  TVM+F+G4      6424.396     25  12898.792    12899.222    13049.364
 49  TVM+F+R2      6424.944     26  12901.889    12902.353    13058.484
 67  TVMe          6476.495     21  12994.989    12995.295    13121.470
 68  TVMe+I        6471.336     22  12986.673    12987.007    13119.177
 69  TVMe+G4       6470.556     22  12985.111    12985.446    13117.615
 71  TVMe+R2       6471.035     23  12988.070    12988.435    13126.597
 89  TIM3+F        6429.729     23  12905.457    12905.822    13043.984
 90  TIM3+F+I      6424.470     24  12896.939    12897.336    13041.489
 91  TIM3+F+G4     6423.599     24  12895.198    12895.595    13039.747
 93  TIM3+F+R2     6424.144     25  12898.289    12898.719    13048.861
111  TIM3e         6471.587     20  12983.174    12983.451    13103.632
112  TIM3e+I       6466.561     21  12975.122    12975.428    13101.603
113  TIM3e+G4      6465.757     21  12973.513    12973.818    13099.994
115  TIM3e+R2      6466.229     22  12976.458    12976.793    13108.962
133  TIM2+F        6429.833     23  12905.667    12906.032    13044.194
134  TIM2+F+I      6424.547     24  12897.093    12897.490    13041.643
135  TIM2+F+G4     6423.658     24  12895.317    12895.713    13039.866
137  TIM2+F+R2     6424.213     25  12898.427    12898.856    13048.999
155  TIM2e         6471.722     20  12983.445    12983.722    13103.903
156  TIM2e+I       6466.663     21  12975.326    12975.631    13101.807
157  TIM2e+G4      6465.842     21  12973.685    12973.990    13100.165
159  TIM2e+R2      6466.327     22  12976.654    12976.989    13109.158
177  TIM+F         6429.685     23  12905.370    12905.735    13043.897
178  TIM+F+I       6424.422     24  12896.843    12897.240    13041.393
179  TIM+F+G4      6423.548     24  12895.096    12895.493    13039.646
181  TIM+F+R2      6424.094     25  12898.187    12898.617    13048.759
199  TIMe          6471.554     20  12983.108    12983.385    13103.566
200  TIMe+I        6466.525     21  12975.051    12975.356    13101.532
201  TIMe+G4       6465.718     21  12973.436    12973.741    13099.917
203  TIMe+R2       6466.190     22  12976.380    12976.714    13108.883
221  TPM3u+F       6430.768     22  12905.537    12905.871    13038.040
222  TPM3u+F+I     6425.394     23  12896.788    12897.153    13035.315
223  TPM3u+F+G4    6424.522     23  12895.045    12895.409    13033.571
225  TPM3u+F+R2    6425.082     24  12898.164    12898.561    13042.714
243  TPM3          6476.660     19  12991.320    12991.571    13105.756
244  TPM3+I        6471.463     20  12982.926    12983.203    13103.384
245  TPM3+G4       6470.673     20  12981.347    12981.624    13101.805
247  TPM3+R2       6471.162     21  12984.324    12984.629    13110.804
265  TPM2u+F       6430.878     22  12905.756    12906.090    13038.260
266  TPM2u+F+I     6425.476     23  12896.952    12897.317    13035.479
267  TPM2u+F+G4    6424.587     23  12895.175    12895.540    13033.701
269  TPM2u+F+R2    6425.159     24  12898.318    12898.715    13042.868
287  TPM2          6476.805     19  12991.611    12991.861    13106.046
288  TPM2+I        6471.574     20  12983.149    12983.426    13103.607
289  TPM2+G4       6470.767     20  12981.534    12981.812    13101.992
291  TPM2+R2       6471.270     21  12984.539    12984.844    13111.020
309  K3Pu+F        6430.728     22  12905.457    12905.791    13037.961
310  K3Pu+F+I      6425.351     23  12896.702    12897.067    13035.228
311  K3Pu+F+G4     6424.475     23  12894.950    12895.315    13033.477
313  K3Pu+F+R2     6425.040     24  12898.079    12898.476    13042.629
331  K3P           6476.637     19  12991.274    12991.525    13105.709
332  K3P+I         6471.440     20  12982.879    12983.156    13103.337
333  K3P+G4        6470.643     20  12981.286    12981.563    13101.744
335  K3P+R2        6471.134     21  12984.268    12984.573    13110.749
353  TN+F          6429.853     22  12903.705    12904.040    13036.209
354  TN+F+I        6424.555     23  12895.110    12895.475    13033.637
355  TN+F+G4       6423.668     23  12893.336    12893.701    13031.863
357  TN+F+R2       6424.226     24  12896.452    12896.849    13041.002
375  TNe           6471.725     19  12981.450    12981.701    13095.885
376  TNe+I         6466.663     20  12973.325    12973.602    13093.783
377  TNe+G4        6465.842     20  12971.684    12971.961    13092.142
379  TNe+R2        6466.327     21  12974.654    12974.960    13101.135
397  HKY+F         6430.895     21  12903.789    12904.094    13030.270
398  HKY+F+I       6425.483     22  12894.966    12895.301    13027.470
399  HKY+F+G4      6424.596     22  12893.192    12893.526    13025.696
401  HKY+F+R2      6425.170     23  12896.339    12896.704    13034.866
419  K2P           6476.805     18  12989.609    12989.835    13098.021
420  K2P+I         6471.575     19  12981.150    12981.401    13095.585
421  K2P+G4        6470.766     19  12979.532    12979.783    13093.967
423  K2P+R2        6471.269     20  12982.539    12982.816    13102.997
441  F81+F         6476.831     20  12993.663    12993.940    13114.121
442  F81+F+I       6471.977     21  12985.954    12986.259    13112.434
443  F81+F+G4      6471.154     21  12984.309    12984.614    13110.789
445  F81+F+R2      6471.616     22  12987.233    12987.567    13119.736
463  JC            6526.367     17  13086.733    13086.935    13189.123
464  JC+I          6522.008     18  13080.015    13080.241    13188.427
465  JC+G4         6521.240     18  13078.479    13078.705    13186.892
467  JC+R2         6521.615     19  13081.229    13081.480    13195.664
Akaike Information Criterion:           HKY+F+G4
Corrected Akaike Information Criterion: HKY+F+G4
Bayesian Information Criterion:         HKY+F+G4
Best-fit model: HKY+F+G4 chosen according to BIC

All model information printed to muscle_exoc1l_salmonidae.fasta.model.gz
CPU time for ModelFinder: 0.598 seconds (0h:0m:0s)
Wall-clock time for ModelFinder: 0.631 seconds (0h:0m:0s)

NOTE: 0 MB RAM (0 GB) is required!
Estimate model parameters (epsilon = 0.100)
1. Initial log-likelihood: -6424.596
Optimal log-likelihood: -6424.595
Rate parameters:  A-C: 1.00000  A-G: 2.64064  A-T: 1.00000  C-G: 1.00000  C-T: 2.64064  G-T: 1.00000
Base frequencies:  A: 0.218  C: 0.281  G: 0.226  T: 0.275
Gamma shape alpha: 1.035
Parameters optimization took 1 rounds (0.003 sec)
Wrote distance file to... 
Computing ML distances based on estimated model parameters...
Calculating distance matrix: done in 0.000725985 secs using 97.38% CPU
Computing ML distances took 0.000808 sec (of wall-clock time) 0.000781 sec (of CPU time)
Setting up auxiliary I and S matrices: done in 4.69685e-05 secs
Constructing RapidNJ tree: done in 4.31538e-05 secs
Computing RapidNJ tree took 0.000156 sec (of wall-clock time) 0.000000 sec (of CPU time)
Log-likelihood of RapidNJ tree: -6433.533
--------------------------------------------------------------------
|             INITIALIZING CANDIDATE TREE SET                      |
--------------------------------------------------------------------
Generating 98 parsimony trees... 0.052 second
Computing log-likelihood of 90 initial trees ... 0.092 seconds
Current best score: -6424.595

Do NNI search on 20 best initial trees
Optimizing NNI: done in 0.00303888 secs using 199.8% CPU
Estimate model parameters (epsilon = 0.100)
BETTER TREE FOUND at iteration 1: -6424.595
Optimizing NNI: done in 0.0107839 secs using 199.7% CPU
Optimizing NNI: done in 0.00643921 secs using 199.8% CPU
Optimizing NNI: done in 0.0112219 secs using 182.4% CPU
Optimizing NNI: done in 0.0133801 secs using 123.5% CPU
Optimizing NNI: done in 0.00581789 secs using 99.92% CPU
Optimizing NNI: done in 0.013824 secs using 99.97% CPU
Optimizing NNI: done in 0.011235 secs using 99.94% CPU
Optimizing NNI: done in 0.00649881 secs using 99.99% CPU
Optimizing NNI: done in 0.00881505 secs using 99.95% CPU
Iteration 10 / LogL: -6424.786 / Time: 0h:0m:0s
Optimizing NNI: done in 0.00894904 secs using 99.95% CPU
Optimizing NNI: done in 0.00571918 secs using 99.89% CPU
Optimizing NNI: done in 0.0142019 secs using 99.94% CPU
Optimizing NNI: done in 0.00620413 secs using 99.93% CPU
Optimizing NNI: done in 0.0118599 secs using 99.93% CPU
Optimizing NNI: done in 0.011765 secs using 99.92% CPU
Optimizing NNI: done in 0.00949597 secs using 99.95% CPU
Optimizing NNI: done in 0.0110631 secs using 99.94% CPU
Optimizing NNI: done in 0.00849795 secs using 99.94% CPU
Optimizing NNI: done in 0.00935602 secs using 99.96% CPU
Iteration 20 / LogL: -6424.700 / Time: 0h:0m:0s
Finish initializing candidate tree set (1)
Current best tree score: -6424.595 / CPU time: 0.347
Number of iterations: 20
--------------------------------------------------------------------
|               OPTIMIZING CANDIDATE TREE SET                      |
--------------------------------------------------------------------
Optimizing NNI: done in 0.0168471 secs using 96.63% CPU
Optimizing NNI: done in 0.00661397 secs using 100% CPU
Optimizing NNI: done in 0.0109611 secs using 99.89% CPU
Optimizing NNI: done in 0.00692987 secs using 99.93% CPU
Optimizing NNI: done in 0.010093 secs using 99.94% CPU
Optimizing NNI: done in 0.00929904 secs using 99.94% CPU
Optimizing NNI: done in 0.0157208 secs using 99.93% CPU
Optimizing NNI: done in 0.0083189 secs using 99.93% CPU
Optimizing NNI: done in 0.009938 secs using 99.91% CPU
Optimizing NNI: done in 0.00508714 secs using 100% CPU
UPDATE BEST LOG-LIKELIHOOD: -6424.595
Iteration 30 / LogL: -6424.595 / Time: 0h:0m:0s (0h:0m:1s left)
Optimizing NNI: done in 0.00566196 secs using 94.33% CPU
Optimizing NNI: done in 0.00624418 secs using 94.81% CPU
UPDATE BEST LOG-LIKELIHOOD: -6424.595
Optimizing NNI: done in 0.00934291 secs using 92.95% CPU
Optimizing NNI: done in 0.00989199 secs using 97.29% CPU
Optimizing NNI: done in 0.00678492 secs using 99.9% CPU
Optimizing NNI: done in 0.00959492 secs using 99.96% CPU
Optimizing NNI: done in 0.0124621 secs using 99.92% CPU
Optimizing NNI: done in 0.0121322 secs using 99.88% CPU
Optimizing NNI: done in 0.0181282 secs using 99.93% CPU
Optimizing NNI: done in 0.0101378 secs using 99.93% CPU
Iteration 40 / LogL: -6425.927 / Time: 0h:0m:0s (0h:0m:0s left)
Optimizing NNI: done in 0.00925398 secs using 99.91% CPU
Optimizing NNI: done in 0.00907302 secs using 99.92% CPU
Optimizing NNI: done in 0.00725985 secs using 99.99% CPU
Optimizing NNI: done in 0.00593209 secs using 99.9% CPU
UPDATE BEST LOG-LIKELIHOOD: -6424.595
Optimizing NNI: done in 0.00538898 secs using 94.84% CPU
UPDATE BEST LOG-LIKELIHOOD: -6424.595
Optimizing NNI: done in 0.00328398 secs using 91.81% CPU
Optimizing NNI: done in 0.00854206 secs using 96.79% CPU
Optimizing NNI: done in 0.00676489 secs using 100% CPU
Optimizing NNI: done in 0.0100269 secs using 99.91% CPU
Optimizing NNI: done in 0.00888395 secs using 97.01% CPU
Iteration 50 / LogL: -6424.742 / Time: 0h:0m:0s (0h:0m:0s left)
Optimizing NNI: done in 0.00793982 secs using 99.94% CPU
Optimizing NNI: done in 0.0117712 secs using 99.93% CPU
Optimizing NNI: done in 0.00970912 secs using 99.95% CPU
Optimizing NNI: done in 0.010896 secs using 97.02% CPU
Optimizing NNI: done in 0.0106258 secs using 99.95% CPU
Optimizing NNI: done in 0.00833201 secs using 99.95% CPU
Optimizing NNI: done in 0.0117462 secs using 99.95% CPU
Optimizing NNI: done in 0.011781 secs using 99.96% CPU
Optimizing NNI: done in 0.00517583 secs using 99.89% CPU
Optimizing NNI: done in 0.00673294 secs using 99.99% CPU
Iteration 60 / LogL: -6437.325 / Time: 0h:0m:0s (0h:0m:0s left)
Optimizing NNI: done in 0.0106909 secs using 99.95% CPU
Optimizing NNI: done in 0.0106239 secs using 99.93% CPU
Optimizing NNI: done in 0.00717998 secs using 99.99% CPU
Optimizing NNI: done in 0.0144479 secs using 99.94% CPU
Optimizing NNI: done in 0.00642014 secs using 100% CPU
Optimizing NNI: done in 0.00700808 secs using 99.91% CPU
Optimizing NNI: done in 0.00517416 secs using 99.92% CPU
Optimizing NNI: done in 0.00906396 secs using 99.95% CPU
Optimizing NNI: done in 0.00667405 secs using 100% CPU
Optimizing NNI: done in 0.00933981 secs using 99.97% CPU
Iteration 70 / LogL: -6424.764 / Time: 0h:0m:0s (0h:0m:0s left)
Optimizing NNI: done in 0.00608492 secs using 99.92% CPU
Optimizing NNI: done in 0.00665188 secs using 99.93% CPU
Optimizing NNI: done in 0.00769114 secs using 100% CPU
Optimizing NNI: done in 0.012902 secs using 99.96% CPU
Optimizing NNI: done in 0.010638 secs using 99.94% CPU
Optimizing NNI: done in 0.011898 secs using 99.95% CPU
Optimizing NNI: done in 0.0113461 secs using 99.96% CPU
Optimizing NNI: done in 0.00661898 secs using 99.92% CPU
Optimizing NNI: done in 0.0130019 secs using 99.96% CPU
Optimizing NNI: done in 0.0134611 secs using 99.93% CPU
Iteration 80 / LogL: -6424.937 / Time: 0h:0m:0s (0h:0m:0s left)
Optimizing NNI: done in 0.00960994 secs using 99.96% CPU
Optimizing NNI: done in 0.00932407 secs using 99.93% CPU
Optimizing NNI: done in 0.00997496 secs using 99.95% CPU
Optimizing NNI: done in 0.009094 secs using 99.95% CPU
Optimizing NNI: done in 0.00648403 secs using 100% CPU
Optimizing NNI: done in 0.0162401 secs using 99.94% CPU
Optimizing NNI: done in 0.0237691 secs using 99.95% CPU
Optimizing NNI: done in 0.010627 secs using 99.95% CPU
Optimizing NNI: done in 0.0141091 secs using 99.97% CPU
Optimizing NNI: done in 0.0132899 secs using 99.95% CPU
Iteration 90 / LogL: -6425.900 / Time: 0h:0m:1s (0h:0m:0s left)
Optimizing NNI: done in 0.00911498 secs using 99.95% CPU
Optimizing NNI: done in 0.0157268 secs using 99.93% CPU
Optimizing NNI: done in 0.00600386 secs using 99.92% CPU
Optimizing NNI: done in 0.0197849 secs using 99.93% CPU
Optimizing NNI: done in 0.0106158 secs using 99.95% CPU
Optimizing NNI: done in 0.0129869 secs using 99.94% CPU
Optimizing NNI: done in 0.00664115 secs using 99.94% CPU
Optimizing NNI: done in 0.016175 secs using 99.96% CPU
Optimizing NNI: done in 0.00880098 secs using 99.94% CPU
Optimizing NNI: done in 0.00964212 secs using 99.95% CPU
Iteration 100 / LogL: -6425.356 / Time: 0h:0m:1s (0h:0m:0s left)
Optimizing NNI: done in 0.012161 secs using 99.91% CPU
Optimizing NNI: done in 0.00872707 secs using 99.98% CPU
TREE SEARCH COMPLETED AFTER 102 ITERATIONS / Time: 0h:0m:1s

--------------------------------------------------------------------
|                    FINALIZING TREE SEARCH                        |
--------------------------------------------------------------------
Performs final model parameters optimization
Estimate model parameters (epsilon = 0.010)
1. Initial log-likelihood: -6424.595
Optimal log-likelihood: -6424.595
Rate parameters:  A-C: 1.00000  A-G: 2.64208  A-T: 1.00000  C-G: 1.00000  C-T: 2.64208  G-T: 1.00000
Base frequencies:  A: 0.218  C: 0.281  G: 0.226  T: 0.275
Gamma shape alpha: 1.037
Parameters optimization took 1 rounds (0.002 sec)
BEST SCORE FOUND : -6424.595
Total tree length: 0.463

Total number of iterations: 102
CPU time used for tree search: 1.357 sec (0h:0m:1s)
Wall-clock time used for tree search: 1.214 sec (0h:0m:1s)
Total CPU time used: 1.383 sec (0h:0m:1s)
Total wall-clock time used: 1.257 sec (0h:0m:1s)

Analysis results written to: 
  IQ-TREE report:                muscle_exoc1l_salmonidae.fasta.iqtree
  Maximum-likelihood tree:       muscle_exoc1l_salmonidae.fasta.treefile
  Likelihood distances:          muscle_exoc1l_salmonidae.fasta.mldist
  Screen log file:               muscle_exoc1l_salmonidae.fasta.log

Date and Time: Sun Jul  6 18:33:33 2025
