IQ-TREE multicore version 2.2.2.6 COVID-edition for Linux 64-bit built May 27 2023
Developed by Bui Quang Minh, James Barbetti, Nguyen Lam Tung,
Olga Chernomor, Heiko Schmidt, Dominik Schrempf, Michael Woodhams, Ly Trong Nhan.

Host:    n6144 (AVX, 62 GB RAM)
Command: iqtree -s muscle_coch_Salmonidae.fasta
Seed:    853215 (Using SPRNG - Scalable Parallel Random Number Generator)
Time:    Sun Jul  6 18:32:45 2025
Kernel:  AVX - 1 threads (16 CPU cores detected)

HINT: Use -nt option to specify number of threads because your CPU has 16 cores!
HINT: -nt AUTO will automatically determine the best number of threads to use.

Reading alignment file muscle_coch_Salmonidae.fasta ... Fasta format detected
Reading fasta file: done in 0.00376296 secs using 46.16% CPU
Alignment most likely contains DNA/RNA sequences
Constructing alignment: done in 0.00938797 secs using 41.95% CPU
Alignment has 20 sequences with 6734 columns, 528 distinct patterns
362 parsimony-informative, 222 singleton sites, 6150 constant sites
                                         Gap/Ambiguity  Composition  p-value
Analyzing sequences: done in 3.48091e-05 secs
   1  XM_041847045.2_Coregonus_clupeaformis     59.25%    passed     75.63%
   2  XM_029687771.2_Oncorhynchus_nerka         60.26%    passed     42.85%
   3  XM_029687770.2_Oncorhynchus_nerka         60.19%    passed     43.29%
   4  XM_035743297.2_Oncorhynchus_keta          48.04%    passed     60.31%
   5  XM_035743296.2_Oncorhynchus_keta          48.02%    passed     62.48%
   6  XM_046307917.1_Oncorhynchus_gorbuscha     59.28%    passed     61.27%
   7  XM_046307916.1_Oncorhynchus_gorbuscha     59.25%    passed     61.62%
   8  XM_024412850.2_Oncorhynchus_tshawytscha   52.98%    passed     95.49%
   9  XM_042329933.1_Oncorhynchus_tshawytscha   52.91%    passed     96.21%
  10  XM_020487761.2_Oncorhynchus_kisutch       53.67%    passed     81.46%
  11  XM_064927857.1_Oncorhynchus_masou         60.31%    passed     54.32%
  12  XM_029729756.1_Salmo_trutta               59.44%    passed     30.40%
  13  XM_014194282.2_Salmo_salar                59.43%    passed     39.86%
  14  XM_071116455.1_Oncorhynchus_clarkii       60.57%    passed     46.83%
  15  XM_021573985.2_Oncorhynchus_mykiss        60.41%    passed     28.13%
  16  XM_021573986.2_Oncorhynchus_mykiss        60.51%    passed     27.67%
  17  XM_023994158.2_Salvelinus_sp              46.54%    failed      1.35%
  18  XM_055863637.1_Salvelinus_fontinalis      44.86%    passed     17.16%
  19  XM_071365565.1_Salvelinus_alpinus          7.92%    failed      0.00%
  20  XM_039009107.1_Salvelinus_namaycush       61.39%    passed     68.86%
WARNING: 15 sequences contain more than 50% gaps/ambiguity
****  TOTAL                                     53.76%  2 sequences failed composition chi2 test (p-value<5%; df=3)
Checking for duplicate sequences: done in 8.58307e-05 secs using 100.2% CPU


Create initial parsimony tree by phylogenetic likelihood library (PLL)... 0.001 seconds
Perform fast likelihood tree search using GTR+I+G model...
Estimate model parameters (epsilon = 5.000)
Perform nearest neighbor interchange...
Optimizing NNI: done in 0.0108118 secs using 99.93% CPU
Estimate model parameters (epsilon = 1.000)
1. Initial log-likelihood: -13096.914
Optimal log-likelihood: -13096.910
Rate parameters:  A-C: 1.04915  A-G: 1.53761  A-T: 1.03341  C-G: 0.43419  C-T: 1.71816  G-T: 1.00000
Base frequencies:  A: 0.271  C: 0.237  G: 0.233  T: 0.260
Proportion of invariable sites: 0.458
Gamma shape alpha: 2.401
Parameters optimization took 1 rounds (0.012 sec)
Time for fast ML tree search: 0.081 seconds

NOTE: ModelFinder requires 3 MB RAM!
ModelFinder will test up to 484 DNA models (sample size: 6734) ...
 No. Model         -LnL         df  AIC          AICc         BIC
  1  GTR+F         13123.246    45  26336.491    26337.110    26643.163
  2  GTR+F+I       13097.431    46  26286.861    26287.508    26600.348
  3  GTR+F+G4      13096.893    46  26285.785    26286.432    26599.272
  4  GTR+F+I+G4    13096.903    47  26287.806    26288.480    26608.107
  5  GTR+F+R2      13101.055    47  26296.110    26296.785    26616.412
  6  GTR+F+R3      13097.248    49  26292.495    26293.228    26626.427
 14  GTR+F+I+R2    13097.180    48  26290.361    26291.064    26617.477
 15  GTR+F+I+R3    13097.011    50  26294.021    26294.784    26634.768
 24  SYM+I         13150.168    43  26386.336    26386.902    26679.378
 25  SYM+G4        13149.581    43  26385.161    26385.727    26678.203
 26  SYM+I+G4      13149.588    44  26387.175    26387.767    26687.032
 46  TVM+F+I       13097.817    45  26285.634    26286.253    26592.306
 47  TVM+F+G4      13097.297    45  26284.594    26285.213    26591.266
 48  TVM+F+I+G4    13097.301    46  26286.603    26287.249    26600.089
 68  TVMe+I        13150.479    42  26384.959    26385.499    26671.186
 69  TVMe+G4       13149.904    42  26383.809    26384.349    26670.036
 70  TVMe+I+G4     13149.905    43  26385.811    26386.376    26678.853
 90  TIM3+F+I      13107.503    44  26303.006    26303.598    26602.862
 91  TIM3+F+G4     13107.025    44  26302.050    26302.642    26601.907
 92  TIM3+F+I+G4   13107.022    45  26304.044    26304.663    26610.716
112  TIM3e+I       13162.940    41  26407.879    26408.394    26687.291
113  TIM3e+G4      13162.434    41  26406.869    26407.384    26686.281
114  TIM3e+I+G4    13162.427    42  26408.855    26409.395    26695.082
134  TIM2+F+I      13105.405    44  26298.809    26299.401    26598.666
135  TIM2+F+G4     13104.866    44  26297.733    26298.325    26597.589
136  TIM2+F+I+G4   13104.896    45  26299.792    26300.411    26606.464
156  TIM2e+I       13159.309    41  26400.618    26401.132    26680.030
157  TIM2e+G4      13158.736    41  26399.473    26399.987    26678.885
158  TIM2e+I+G4    13158.763    42  26401.526    26402.066    26687.753
178  TIM+F+I       13107.230    44  26302.459    26303.051    26602.316
179  TIM+F+G4      13106.778    44  26301.557    26302.149    26601.414
180  TIM+F+I+G4    13106.779    45  26303.558    26304.177    26610.230
200  TIMe+I        13163.989    41  26409.978    26410.493    26689.390
201  TIMe+G4       13163.521    41  26409.042    26409.557    26688.454
202  TIMe+I+G4     13163.521    42  26411.041    26411.581    26697.268
222  TPM3u+F+I     13107.872    43  26301.744    26302.309    26594.785
223  TPM3u+F+G4    13107.414    43  26300.829    26301.394    26593.870
224  TPM3u+F+I+G4  13107.404    44  26302.808    26303.400    26602.665
244  TPM3+I        13163.268    40  26406.535    26407.025    26679.132
245  TPM3+G4       13162.766    40  26405.532    26406.022    26678.129
246  TPM3+I+G4     13162.755    41  26407.509    26408.024    26686.921
266  TPM2u+F+I     13105.807    43  26297.613    26298.179    26590.655
267  TPM2u+F+G4    13105.290    43  26296.581    26297.146    26589.622
268  TPM2u+F+I+G4  13105.310    44  26298.619    26299.211    26598.476
288  TPM2+I        13159.631    40  26399.262    26399.752    26671.859
289  TPM2+G4       13159.073    40  26398.146    26398.636    26670.743
290  TPM2+I+G4     13159.093    41  26400.187    26400.701    26679.598
310  K3Pu+F+I      13107.611    43  26301.222    26301.787    26594.263
311  K3Pu+F+G4     13107.182    43  26300.364    26300.929    26593.405
312  K3Pu+F+I+G4   13107.176    44  26302.352    26302.944    26602.209
332  K3P+I         13164.310    40  26408.620    26409.110    26681.217
333  K3P+G4        13163.862    40  26407.723    26408.213    26680.320
334  K3P+I+G4      13163.851    41  26409.701    26410.216    26689.113
354  TN+F+I        13110.191    43  26306.381    26306.947    26599.423
355  TN+F+G4       13109.728    43  26305.456    26306.021    26598.497
356  TN+F+I+G4     13109.734    44  26307.467    26308.059    26607.324
376  TNe+I         13166.830    40  26413.660    26414.150    26686.257
377  TNe+G4        13166.349    40  26412.697    26413.187    26685.294
378  TNe+I+G4      13166.354    41  26414.708    26415.223    26694.120
398  HKY+F+I       13110.575    42  26305.150    26305.690    26591.377
399  HKY+F+G4      13110.134    42  26304.268    26304.808    26590.495
400  HKY+F+I+G4    13110.133    43  26306.265    26306.831    26599.307
420  K2P+I         13167.156    39  26412.312    26412.778    26678.094
421  K2P+G4        13166.691    39  26411.382    26411.848    26677.164
422  K2P+I+G4      13166.690    40  26413.380    26413.870    26685.977
442  F81+F+I       13136.629    41  26355.258    26355.773    26634.670
443  F81+F+G4      13136.231    41  26354.462    26354.976    26633.874
444  F81+F+I+G4    13136.240    42  26356.480    26357.020    26642.707
464  JC+I          13192.833    38  26461.666    26462.108    26720.633
465  JC+G4         13192.420    38  26460.840    26461.283    26719.807
466  JC+I+G4       13192.429    39  26462.858    26463.325    26728.641
Akaike Information Criterion:           TVM+F+G4
Corrected Akaike Information Criterion: TVM+F+G4
Bayesian Information Criterion:         TPM2u+F+G4
Best-fit model: TPM2u+F+G4 chosen according to BIC

All model information printed to muscle_coch_Salmonidae.fasta.model.gz
CPU time for ModelFinder: 1.927 seconds (0h:0m:1s)
Wall-clock time for ModelFinder: 1.956 seconds (0h:0m:1s)

NOTE: 1 MB RAM (0 GB) is required!
Estimate model parameters (epsilon = 0.100)
1. Initial log-likelihood: -13105.290
Optimal log-likelihood: -13105.290
Rate parameters:  A-C: 1.45369  A-G: 2.26452  A-T: 1.45369  C-G: 1.00000  C-T: 2.26452  G-T: 1.00000
Base frequencies:  A: 0.271  C: 0.237  G: 0.233  T: 0.260
Gamma shape alpha: 0.432
Parameters optimization took 1 rounds (0.009 sec)
Wrote distance file to... 
Computing ML distances based on estimated model parameters...
Calculating distance matrix: done in 0.00336695 secs using 60.92% CPU
Computing ML distances took 0.003499 sec (of wall-clock time) 0.002173 sec (of CPU time)
Setting up auxiliary I and S matrices: done in 6.60419e-05 secs using 101.5% CPU
Constructing RapidNJ tree: done in 0.00010705 secs using 114% CPU
Computing RapidNJ tree took 0.000225 sec (of wall-clock time) 0.000240 sec (of CPU time)
Log-likelihood of RapidNJ tree: -13145.142
--------------------------------------------------------------------
|             INITIALIZING CANDIDATE TREE SET                      |
--------------------------------------------------------------------
Generating 98 parsimony trees... 0.139 second
Computing log-likelihood of 98 initial trees ... 0.296 seconds
Current best score: -13105.290

Do NNI search on 20 best initial trees
Optimizing NNI: done in 0.0111101 secs using 99.91% CPU
Estimate model parameters (epsilon = 0.100)
BETTER TREE FOUND at iteration 1: -13105.290
Optimizing NNI: done in 0.0254002 secs using 99.9% CPU
Optimizing NNI: done in 0.0196579 secs using 99.94% CPU
Optimizing NNI: done in 0.0230241 secs using 99.96% CPU
Optimizing NNI: done in 0.0236459 secs using 99.95% CPU
Optimizing NNI: done in 0.039372 secs using 99.95% CPU
Optimizing NNI: done in 0.0279949 secs using 99.94% CPU
Optimizing NNI: done in 0.0371799 secs using 99.96% CPU
Optimizing NNI: done in 0.030762 secs using 99.95% CPU
Optimizing NNI: done in 0.032347 secs using 99.95% CPU
Iteration 10 / LogL: -13105.353 / Time: 0h:0m:0s
Optimizing NNI: done in 0.0330532 secs using 99.91% CPU
Optimizing NNI: done in 0.031585 secs using 99.86% CPU
Optimizing NNI: done in 0.0316341 secs using 99.88% CPU
Optimizing NNI: done in 0.0415399 secs using 99.93% CPU
Optimizing NNI: done in 0.034704 secs using 99.93% CPU
Optimizing NNI: done in 0.0309889 secs using 99.95% CPU
Optimizing NNI: done in 0.028034 secs using 99.94% CPU
Optimizing NNI: done in 0.0302749 secs using 99.94% CPU
Optimizing NNI: done in 0.0246589 secs using 99.94% CPU
Optimizing NNI: done in 0.028842 secs using 99.95% CPU
Iteration 20 / LogL: -13106.799 / Time: 0h:0m:1s
Finish initializing candidate tree set (1)
Current best tree score: -13105.290 / CPU time: 1.051
Number of iterations: 20
--------------------------------------------------------------------
|               OPTIMIZING CANDIDATE TREE SET                      |
--------------------------------------------------------------------
Optimizing NNI: done in 0.043478 secs using 99.32% CPU
Optimizing NNI: done in 0.056036 secs using 99.94% CPU
Optimizing NNI: done in 0.0370049 secs using 99.93% CPU
Optimizing NNI: done in 0.036351 secs using 99.94% CPU
Optimizing NNI: done in 0.043287 secs using 99.95% CPU
Optimizing NNI: done in 0.0421159 secs using 99.95% CPU
Optimizing NNI: done in 0.0375152 secs using 99.95% CPU
Optimizing NNI: done in 0.039144 secs using 99.94% CPU
Optimizing NNI: done in 0.0539441 secs using 99.93% CPU
Optimizing NNI: done in 0.063499 secs using 99.94% CPU
Iteration 30 / LogL: -13105.409 / Time: 0h:0m:1s (0h:0m:3s left)
Optimizing NNI: done in 0.030313 secs using 99.95% CPU
Optimizing NNI: done in 0.0394969 secs using 99.93% CPU
Optimizing NNI: done in 0.0622239 secs using 99.94% CPU
Optimizing NNI: done in 0.0288401 secs using 99.95% CPU
Optimizing NNI: done in 0.0402491 secs using 99.95% CPU
Optimizing NNI: done in 0.0344548 secs using 99.95% CPU
Optimizing NNI: done in 0.041368 secs using 99.95% CPU
Optimizing NNI: done in 0.0606179 secs using 99.95% CPU
Optimizing NNI: done in 0.0419369 secs using 99.95% CPU
Optimizing NNI: done in 0.0509548 secs using 99.96% CPU
Iteration 40 / LogL: -13105.297 / Time: 0h:0m:2s (0h:0m:3s left)
Optimizing NNI: done in 0.0474029 secs using 99.94% CPU
Optimizing NNI: done in 0.0210581 secs using 99.96% CPU
Optimizing NNI: done in 0.0497479 secs using 99.95% CPU
Optimizing NNI: done in 0.050442 secs using 99.96% CPU
Optimizing NNI: done in 0.0337701 secs using 99.96% CPU
Optimizing NNI: done in 0.0297949 secs using 99.92% CPU
Optimizing NNI: done in 0.0423129 secs using 99.92% CPU
Optimizing NNI: done in 0.0482159 secs using 99.92% CPU
Optimizing NNI: done in 0.041971 secs using 99.95% CPU
Optimizing NNI: done in 0.0484669 secs using 99.97% CPU
Iteration 50 / LogL: -13105.399 / Time: 0h:0m:2s (0h:0m:2s left)
Optimizing NNI: done in 0.025183 secs using 99.96% CPU
Optimizing NNI: done in 0.0416141 secs using 99.96% CPU
Optimizing NNI: done in 0.0458159 secs using 99.37% CPU
Optimizing NNI: done in 0.0447471 secs using 99.94% CPU
Optimizing NNI: done in 0.0412099 secs using 99.95% CPU
Optimizing NNI: done in 0.0352998 secs using 99.97% CPU
Optimizing NNI: done in 0.043478 secs using 99.96% CPU
Optimizing NNI: done in 0.05849 secs using 99.94% CPU
Optimizing NNI: done in 0.0588641 secs using 99.95% CPU
Optimizing NNI: done in 0.0404608 secs using 99.94% CPU
Iteration 60 / LogL: -13106.078 / Time: 0h:0m:2s (0h:0m:1s left)
Optimizing NNI: done in 0.0432889 secs using 99.91% CPU
Optimizing NNI: done in 0.0546441 secs using 98.07% CPU
Optimizing NNI: done in 0.041513 secs using 99.94% CPU
Optimizing NNI: done in 0.057719 secs using 99.95% CPU
Optimizing NNI: done in 0.046488 secs using 99.95% CPU
Optimizing NNI: done in 0.0302832 secs using 99.08% CPU
Optimizing NNI: done in 0.0585461 secs using 99.92% CPU
Optimizing NNI: done in 0.036401 secs using 99.94% CPU
Optimizing NNI: done in 0.0488851 secs using 97.74% CPU
Optimizing NNI: done in 0.0448151 secs using 99.96% CPU
Iteration 70 / LogL: -13105.334 / Time: 0h:0m:3s (0h:0m:1s left)
Optimizing NNI: done in 0.0362129 secs using 99.95% CPU
Optimizing NNI: done in 0.0459418 secs using 99.95% CPU
Optimizing NNI: done in 0.0535562 secs using 99.97% CPU
Optimizing NNI: done in 0.047111 secs using 99.93% CPU
Optimizing NNI: done in 0.043803 secs using 99.96% CPU
Optimizing NNI: done in 0.040725 secs using 99.89% CPU
Optimizing NNI: done in 0.047015 secs using 99.89% CPU
Optimizing NNI: done in 0.0361111 secs using 99.95% CPU
Optimizing NNI: done in 0.0361769 secs using 99.95% CPU
Optimizing NNI: done in 0.03899 secs using 99.96% CPU
Iteration 80 / LogL: -13106.178 / Time: 0h:0m:3s (0h:0m:1s left)
Optimizing NNI: done in 0.0330291 secs using 99.96% CPU
Optimizing NNI: done in 0.037365 secs using 99.93% CPU
Optimizing NNI: done in 0.035768 secs using 99.92% CPU
Optimizing NNI: done in 0.047518 secs using 99.96% CPU
Optimizing NNI: done in 0.0386491 secs using 99.96% CPU
Optimizing NNI: done in 0.053318 secs using 99.91% CPU
Optimizing NNI: done in 0.044174 secs using 99.94% CPU
Optimizing NNI: done in 0.0459321 secs using 99.96% CPU
Optimizing NNI: done in 0.0462339 secs using 99.96% CPU
Optimizing NNI: done in 0.0312071 secs using 99.96% CPU
Iteration 90 / LogL: -13105.314 / Time: 0h:0m:4s (0h:0m:0s left)
Optimizing NNI: done in 0.046041 secs using 99.96% CPU
Optimizing NNI: done in 0.032824 secs using 99.96% CPU
Optimizing NNI: done in 0.0360861 secs using 99.93% CPU
Optimizing NNI: done in 0.0460889 secs using 99.96% CPU
Optimizing NNI: done in 0.0422931 secs using 99.93% CPU
Optimizing NNI: done in 0.031585 secs using 99.96% CPU
Optimizing NNI: done in 0.02356 secs using 99.97% CPU
Optimizing NNI: done in 0.035064 secs using 99.91% CPU
Optimizing NNI: done in 0.0425529 secs using 99.96% CPU
Optimizing NNI: done in 0.0415609 secs using 99.95% CPU
Iteration 100 / LogL: -13105.378 / Time: 0h:0m:4s (0h:0m:0s left)
Optimizing NNI: done in 0.0636361 secs using 99.91% CPU
Optimizing NNI: done in 0.0353501 secs using 99.95% CPU
TREE SEARCH COMPLETED AFTER 102 ITERATIONS / Time: 0h:0m:4s

--------------------------------------------------------------------
|                    FINALIZING TREE SEARCH                        |
--------------------------------------------------------------------
Performs final model parameters optimization
Estimate model parameters (epsilon = 0.010)
1. Initial log-likelihood: -13105.290
Optimal log-likelihood: -13105.290
Rate parameters:  A-C: 1.45072  A-G: 2.25995  A-T: 1.45072  C-G: 1.00000  C-T: 2.25995  G-T: 1.00000
Base frequencies:  A: 0.271  C: 0.237  G: 0.233  T: 0.260
Gamma shape alpha: 0.432
Parameters optimization took 1 rounds (0.009 sec)
BEST SCORE FOUND : -13105.290
Total tree length: 0.233

Total number of iterations: 102
CPU time used for tree search: 4.788 sec (0h:0m:4s)
Wall-clock time used for tree search: 4.637 sec (0h:0m:4s)
Total CPU time used: 4.843 sec (0h:0m:4s)
Total wall-clock time used: 4.705 sec (0h:0m:4s)

Analysis results written to: 
  IQ-TREE report:                muscle_coch_Salmonidae.fasta.iqtree
  Maximum-likelihood tree:       muscle_coch_Salmonidae.fasta.treefile
  Likelihood distances:          muscle_coch_Salmonidae.fasta.mldist
  Screen log file:               muscle_coch_Salmonidae.fasta.log

Date and Time: Sun Jul  6 18:32:52 2025
